Change Component Designator: OldDesignator=L1 NewDesignator=J1
Change Component Designator: OldDesignator=LO1 NewDesignator=J3
Change Component Designator: OldDesignator=MD1 NewDesignator=U1
Change Component Designator: OldDesignator=P1 NewDesignator=J2
Change Component Designator: OldDesignator=RX_SIG_0 NewDesignator=TX_SIG_1
Change Net Name : Old Net Name=NetL1_1 New Net Name=NetJ1_1
Change Net Name : Old Net Name=NetL1_2 New Net Name=NetJ1_2
Change Net Name : Old Net Name=NetL1_3 New Net Name=NetJ1_3
Change Net Name : Old Net Name=NetL1_4 New Net Name=NetJ1_4
Change Net Name : Old Net Name=NetL1_5 New Net Name=NetJ1_5
Change Net Name : Old Net Name=NetL1_6 New Net Name=NetJ1_6
Change Net Name : Old Net Name=NetL1_7 New Net Name=NetJ1_7
Change Net Name : Old Net Name=NetL1_8 New Net Name=NetJ1_8
Change Net Name : Old Net Name=NetL1_9 New Net Name=NetJ1_9
Change Net Name : Old Net Name=NetL1_10 New Net Name=NetJ1_10
Change Net Name : Old Net Name=NetL1_11 New Net Name=NetJ1_11
Change Net Name : Old Net Name=NetL1_12 New Net Name=NetJ1_12
Change Net Name : Old Net Name=NetL1_13 New Net Name=NetJ1_13
Change Net Name : Old Net Name=NetL1_14 New Net Name=NetJ1_14
Change Net Name : Old Net Name=NetL1_15 New Net Name=NetJ1_15
Change Net Name : Old Net Name=NetL1_16 New Net Name=NetJ1_16
Change Net Name : Old Net Name=NetL1_17 New Net Name=NetJ1_17
Change Net Name : Old Net Name=NetL1_18 New Net Name=NetJ1_18
Change Net Name : Old Net Name=NetL1_19 New Net Name=NetJ1_19
Change Net Name : Old Net Name=NetL1_20 New Net Name=NetJ1_20
Change Net Name : Old Net Name=NetLO1_8 New Net Name=NetJ2_9
Change Net Name : Old Net Name=NetMD1_4 New Net Name=NetSW1_3
Change Net Name : Old Net Name=NetMD1_5 New Net Name=NetR7_2
Change Net Name : Old Net Name=NetMD1_6 New Net Name=NetR8_2
Change Net Name : Old Net Name=NetMD1_7 New Net Name=NetSW1_2
Change Net Name : Old Net Name=NetMD1_8 New Net Name=NetSW2_2
