Added Component: Designator=L1(HDR1X12)
Add component (AddParameter): Name = "LatestRevisionDate"; Value = "17-Jul-2002"; VariantName = "[No Variations]"
Add component (AddParameter): Name = "LatestRevisionNote"; Value = "Re-released for DXP Platform."; VariantName = "[No Variations]"
Add component (AddParameter): Name = "Publisher"; Value = "Altium Limited"; VariantName = "[No Variations]"
Added Component: Designator=LLS_1(DIP2SSOP20)
Add component (AddParameter): Name = "LatestRevisionDate"; Value = "17-Jul-2002"; VariantName = "[No Variations]"
Add component (AddParameter): Name = "LatestRevisionNote"; Value = "Re-released for DXP Platform."; VariantName = "[No Variations]"
Add component (AddParameter): Name = "Publisher"; Value = "Altium Limited"; VariantName = "[No Variations]"
Added Component: Designator=MD1(FP-A000005-MFG)
Add component (AddParameter): Name = "Core Architecture"; Value = "AVR"; VariantName = "[No Variations]"
Add component (AddParameter): Name = "Data Bus Width"; Value = "8b"; VariantName = "[No Variations]"
Add component (AddParameter): Name = "Evaluation Kit"; Value = "Yes"; VariantName = "[No Variations]"
Add component (AddParameter): Name = "Height"; Value = "0.25inch"; VariantName = "[No Variations]"
Add component (AddParameter): Name = "Interface"; Value = "I2C"; VariantName = "[No Variations]"
Add component (AddParameter): Name = "Length"; Value = "7inch"; VariantName = "[No Variations]"
Add component (AddParameter): Name = "Number of Bits"; Value = "8"; VariantName = "[No Variations]"
Add component (AddParameter): Name = "Operating Supply Voltage"; Value = "12V"; VariantName = "[No Variations]"
Add component (AddParameter): Name = "Package Quantity"; Value = "50"; VariantName = "[No Variations]"
Add component (AddParameter): Name = "Packaging"; Value = "Bulk"; VariantName = "[No Variations]"
Add component (AddParameter): Name = "REACH SVHC"; Value = "No SVHC"; VariantName = "[No Variations]"
Add component (AddParameter): Name = "Series"; Value = "AVR® ATmega"; VariantName = "[No Variations]"
Add component (AddParameter): Name = "Weight"; Value = "0.358383oz"; VariantName = "[No Variations]"
Add component (AddParameter): Name = "Width"; Value = "5inch"; VariantName = "[No Variations]"
Added Component: Designator=P1(HDR1X2)
Add component (AddParameter): Name = "LatestRevisionDate"; Value = "17-Jul-2002"; VariantName = "[No Variations]"
Add component (AddParameter): Name = "LatestRevisionNote"; Value = "Re-released for DXP Platform."; VariantName = "[No Variations]"
Add component (AddParameter): Name = "Publisher"; Value = "Altium Limited"; VariantName = "[No Variations]"
Added Component: Designator=P2(HDR1X2)
Add component (AddParameter): Name = "LatestRevisionDate"; Value = "17-Jul-2002"; VariantName = "[No Variations]"
Add component (AddParameter): Name = "LatestRevisionNote"; Value = "Re-released for DXP Platform."; VariantName = "[No Variations]"
Add component (AddParameter): Name = "Publisher"; Value = "Altium Limited"; VariantName = "[No Variations]"
Added Component: Designator=P3(HDR1X2)
Add component (AddParameter): Name = "LatestRevisionDate"; Value = "17-Jul-2002"; VariantName = "[No Variations]"
Add component (AddParameter): Name = "LatestRevisionNote"; Value = "Re-released for DXP Platform."; VariantName = "[No Variations]"
Add component (AddParameter): Name = "Publisher"; Value = "Altium Limited"; VariantName = "[No Variations]"
Added Component: Designator=P4(HDR1X2)
Add component (AddParameter): Name = "LatestRevisionDate"; Value = "17-Jul-2002"; VariantName = "[No Variations]"
Add component (AddParameter): Name = "LatestRevisionNote"; Value = "Re-released for DXP Platform."; VariantName = "[No Variations]"
Add component (AddParameter): Name = "Publisher"; Value = "Altium Limited"; VariantName = "[No Variations]"
Added Component: Designator=P5(HDR1X2)
Add component (AddParameter): Name = "LatestRevisionDate"; Value = "17-Jul-2002"; VariantName = "[No Variations]"
Add component (AddParameter): Name = "LatestRevisionNote"; Value = "Re-released for DXP Platform."; VariantName = "[No Variations]"
Add component (AddParameter): Name = "Publisher"; Value = "Altium Limited"; VariantName = "[No Variations]"
Added Component: Designator=R7(AXIAL-0.3)
Add component (AddParameter): Name = "LatestRevisionDate"; Value = "17-Jul-2002"; VariantName = "[No Variations]"
Add component (AddParameter): Name = "LatestRevisionNote"; Value = "Re-released for DXP Platform."; VariantName = "[No Variations]"
Add component (AddParameter): Name = "PackageDescription"; Value = "Axial Device, Thru-Hole; 2 Leads; 0.3 in Pin Spacing"; VariantName = "[No Variations]"
Add component (AddParameter): Name = "PackageReference"; Value = "AXIAL-0.3"; VariantName = "[No Variations]"
Add component (AddParameter): Name = "Published"; Value = "8-Jun-2000"; VariantName = "[No Variations]"
Add component (AddParameter): Name = "Publisher"; Value = "Altium Limited"; VariantName = "[No Variations]"
Add component (AddParameter): Name = "Value"; Value = "220"; VariantName = "[No Variations]"
Added Component: Designator=R8(AXIAL-0.3)
Add component (AddParameter): Name = "LatestRevisionDate"; Value = "17-Jul-2002"; VariantName = "[No Variations]"
Add component (AddParameter): Name = "LatestRevisionNote"; Value = "Re-released for DXP Platform."; VariantName = "[No Variations]"
Add component (AddParameter): Name = "PackageDescription"; Value = "Axial Device, Thru-Hole; 2 Leads; 0.3 in Pin Spacing"; VariantName = "[No Variations]"
Add component (AddParameter): Name = "PackageReference"; Value = "AXIAL-0.3"; VariantName = "[No Variations]"
Add component (AddParameter): Name = "Published"; Value = "8-Jun-2000"; VariantName = "[No Variations]"
Add component (AddParameter): Name = "Publisher"; Value = "Altium Limited"; VariantName = "[No Variations]"
Add component (AddParameter): Name = "Value"; Value = "220"; VariantName = "[No Variations]"
Added Component: Designator=R_OE1(AXIAL-0.3)
Add component (AddParameter): Name = "LatestRevisionDate"; Value = "17-Jul-2002"; VariantName = "[No Variations]"
Add component (AddParameter): Name = "LatestRevisionNote"; Value = "Re-released for DXP Platform."; VariantName = "[No Variations]"
Add component (AddParameter): Name = "PackageDescription"; Value = "Axial Device, Thru-Hole; 2 Leads; 0.3 in Pin Spacing"; VariantName = "[No Variations]"
Add component (AddParameter): Name = "PackageReference"; Value = "AXIAL-0.3"; VariantName = "[No Variations]"
Add component (AddParameter): Name = "Published"; Value = "8-Jun-2000"; VariantName = "[No Variations]"
Add component (AddParameter): Name = "Publisher"; Value = "Altium Limited"; VariantName = "[No Variations]"
Add component (AddParameter): Name = "Value"; Value = "470"; VariantName = "[No Variations]"
Added Component: Designator=RX_SIG_0(LED-0)
Add component (AddParameter): Name = "LatestRevisionDate"; Value = "08-Jul-2005"; VariantName = "[No Variations]"
Add component (AddParameter): Name = "LatestRevisionNote"; Value = "Mech Layer 1 removed."; VariantName = "[No Variations]"
Add component (AddParameter): Name = "PackageDescription"; Value = "LED; 2 Leads"; VariantName = "[No Variations]"
Add component (AddParameter): Name = "PackageReference"; Value = "LED-0"; VariantName = "[No Variations]"
Add component (AddParameter): Name = "Published"; Value = "8-Jun-2000"; VariantName = "[No Variations]"
Add component (AddParameter): Name = "Publisher"; Value = "Altium Limited"; VariantName = "[No Variations]"
Added Component: Designator=SW1(SW_1825910-6-4)
Add component (AddParameter): Name = "Availability"; Value = "Unavailable"; VariantName = "[No Variations]"
Add component (AddParameter): Name = "MF"; Value = ""; VariantName = "[No Variations]"
Add component (AddParameter): Name = "MP"; Value = "1825910-6"; VariantName = "[No Variations]"
Add component (AddParameter): Name = "Package"; Value = "None"; VariantName = "[No Variations]"
Add component (AddParameter): Name = "Price"; Value = "None"; VariantName = "[No Variations]"
Add component (AddParameter): Name = "Value"; Value = ""; VariantName = "[No Variations]"
Added Component: Designator=SW2(SW_1825910-6-4)
Add component (AddParameter): Name = "Availability"; Value = "Unavailable"; VariantName = "[No Variations]"
Add component (AddParameter): Name = "MF"; Value = ""; VariantName = "[No Variations]"
Add component (AddParameter): Name = "MP"; Value = "1825910-6"; VariantName = "[No Variations]"
Add component (AddParameter): Name = "Package"; Value = "None"; VariantName = "[No Variations]"
Add component (AddParameter): Name = "Price"; Value = "None"; VariantName = "[No Variations]"
Add component (AddParameter): Name = "Value"; Value = ""; VariantName = "[No Variations]"
Added Component: Designator=TX_SIG_0(LED-0)
Add component (AddParameter): Name = "LatestRevisionDate"; Value = "08-Jul-2005"; VariantName = "[No Variations]"
Add component (AddParameter): Name = "LatestRevisionNote"; Value = "Mech Layer 1 removed."; VariantName = "[No Variations]"
Add component (AddParameter): Name = "PackageDescription"; Value = "LED; 2 Leads"; VariantName = "[No Variations]"
Add component (AddParameter): Name = "PackageReference"; Value = "LED-0"; VariantName = "[No Variations]"
Add component (AddParameter): Name = "Published"; Value = "8-Jun-2000"; VariantName = "[No Variations]"
Add component (AddParameter): Name = "Publisher"; Value = "Altium Limited"; VariantName = "[No Variations]"
Added Pin To Net: NetName=DI03 Pin=L1-9
Added Pin To Net: NetName=NetR8_1 Pin=R8-1
Added Pin To Net: NetName=NetR8_1 Pin=RX_SIG_0-1
Added Pin To Net: NetName=NetL1_1 Pin=L1-1
Added Pin To Net: NetName=NetL1_1 Pin=L1-12
Added Pin To Net: NetName=NetL1_1 Pin=LLS_1-1
Added Pin To Net: NetName=NetL1_1 Pin=P1-2
Added Pin To Net: NetName=NetL1_1 Pin=P2-1
Added Pin To Net: NetName=NetL1_1 Pin=P4-1
Added Net: Name=NetL1_1
Added Pin To Net: NetName=NetL1_2 Pin=L1-2
Added Pin To Net: NetName=NetL1_2 Pin=LLS_1-10
Added Net: Name=NetL1_2
Added Pin To Net: NetName=NetL1_3 Pin=L1-3
Added Pin To Net: NetName=NetL1_3 Pin=LLS_1-4
Added Net: Name=NetL1_3
Added Pin To Net: NetName=NetL1_4 Pin=L1-4
Added Pin To Net: NetName=NetL1_4 Pin=LLS_1-12
Added Net: Name=NetL1_4
Added Pin To Net: NetName=NetL1_5 Pin=L1-5
Added Pin To Net: NetName=NetL1_5 Pin=LLS_1-20
Added Net: Name=NetL1_5
Added Pin To Net: NetName=NetL1_6 Pin=L1-6
Added Pin To Net: NetName=NetL1_6 Pin=LLS_1-14
Added Net: Name=NetL1_6
Added Pin To Net: NetName=NetL1_7 Pin=L1-7
Added Pin To Net: NetName=NetL1_7 Pin=LLS_1-16
Added Net: Name=NetL1_7
Added Pin To Net: NetName=NetL1_8 Pin=L1-8
Added Pin To Net: NetName=NetL1_8 Pin=P4-2
Added Net: Name=NetL1_8
Added Pin To Net: NetName=NetL1_10 Pin=L1-10
Added Pin To Net: NetName=NetL1_10 Pin=LLS_1-8
Added Net: Name=NetL1_10
Added Pin To Net: NetName=NetL1_11 Pin=L1-11
Added Pin To Net: NetName=NetL1_11 Pin=LLS_1-6
Added Net: Name=NetL1_11
Added Pin To Net: NetName=NetLLS_1_2 Pin=LLS_1-2
Added Pin To Net: NetName=NetLLS_1_2 Pin=R_OE1-1
Added Net: Name=NetLLS_1_2
Added Pin To Net: NetName=NetLLS_1_3 Pin=LLS_1-3
Added Pin To Net: NetName=NetLLS_1_3 Pin=MD1-9
Added Net: Name=NetLLS_1_3
Added Pin To Net: NetName=NetLLS_1_5 Pin=LLS_1-5
Added Pin To Net: NetName=NetLLS_1_5 Pin=MD1-10
Added Net: Name=NetLLS_1_5
Added Pin To Net: NetName=NetLLS_1_7 Pin=LLS_1-7
Added Pin To Net: NetName=NetLLS_1_7 Pin=MD1-11
Added Net: Name=NetLLS_1_7
Added Pin To Net: NetName=NetLLS_1_9 Pin=LLS_1-9
Added Pin To Net: NetName=NetLLS_1_9 Pin=MD1-12
Added Net: Name=NetLLS_1_9
Added Pin To Net: NetName=NetLLS_1_11 Pin=LLS_1-11
Added Pin To Net: NetName=NetLLS_1_11 Pin=MD1-13
Added Net: Name=NetLLS_1_11
Added Pin To Net: NetName=NetLLS_1_13 Pin=LLS_1-13
Added Pin To Net: NetName=NetLLS_1_13 Pin=MD1-14
Added Net: Name=NetLLS_1_13
Added Pin To Net: NetName=NetLLS_1_15 Pin=LLS_1-15
Added Pin To Net: NetName=NetLLS_1_15 Pin=MD1-15
Added Net: Name=NetLLS_1_15
Added Pin To Net: NetName=NetLLS_1_17 Pin=LLS_1-17
Added Pin To Net: NetName=NetLLS_1_17 Pin=P1-1
Added Net: Name=NetLLS_1_17
Added Pin To Net: NetName=NetLLS_1_18 Pin=LLS_1-18
Added Pin To Net: NetName=NetLLS_1_18 Pin=P2-2
Added Pin To Net: NetName=NetLLS_1_18 Pin=R_OE1-2
Added Net: Name=NetLLS_1_18
Added Pin To Net: NetName=NetLLS_1_19 Pin=LLS_1-19
Added Pin To Net: NetName=NetLLS_1_19 Pin=MD1-16
Added Net: Name=NetLLS_1_19
Added Pin To Net: NetName=NetMD1_4 Pin=MD1-4
Added Pin To Net: NetName=NetMD1_4 Pin=MD1-29
Added Pin To Net: NetName=NetMD1_4 Pin=RX_SIG_0-2
Added Pin To Net: NetName=NetMD1_4 Pin=SW1-3
Added Pin To Net: NetName=NetMD1_4 Pin=SW2-3
Added Pin To Net: NetName=NetMD1_4 Pin=TX_SIG_0-2
Added Net: Name=NetMD1_4
Added Pin To Net: NetName=NetMD1_5 Pin=MD1-5
Added Pin To Net: NetName=NetMD1_5 Pin=R7-2
Added Net: Name=NetMD1_5
Added Pin To Net: NetName=NetMD1_6 Pin=MD1-6
Added Pin To Net: NetName=NetMD1_6 Pin=R8-2
Added Net: Name=NetMD1_6
Added Pin To Net: NetName=NetMD1_7 Pin=MD1-7
Added Pin To Net: NetName=NetMD1_7 Pin=SW1-2
Added Net: Name=NetMD1_7
Added Pin To Net: NetName=NetMD1_8 Pin=MD1-8
Added Pin To Net: NetName=NetMD1_8 Pin=SW2-2
Added Net: Name=NetMD1_8
Added Pin To Net: NetName=NetR7_1 Pin=R7-1
Added Pin To Net: NetName=NetR7_1 Pin=TX_SIG_0-1
Added Net: Name=NetR7_1
Added Member To Class: ClassName=Transmitter Member=Component L1 Header 12
Added Member To Class: ClassName=Transmitter Member=Component LLS_1 Header 10X2
Added Member To Class: ClassName=Transmitter Member=Component MD1 A000005
Added Member To Class: ClassName=Transmitter Member=Component P1
Added Member To Class: ClassName=Transmitter Member=Component P2
Added Member To Class: ClassName=Transmitter Member=Component P3
Added Member To Class: ClassName=Transmitter Member=Component P4
Added Member To Class: ClassName=Transmitter Member=Component P5 5V
Added Member To Class: ClassName=Transmitter Member=Component R7 Res1
Added Member To Class: ClassName=Transmitter Member=Component R8 Res1
Added Member To Class: ClassName=Transmitter Member=Component R_OE1 Res1
Added Member To Class: ClassName=Transmitter Member=Component RX_SIG_0 Red_LED
Added Member To Class: ClassName=Transmitter Member=Component SW1 1825910-6
Added Member To Class: ClassName=Transmitter Member=Component SW2 1825910-6
Added Member To Class: ClassName=Transmitter Member=Component TX_SIG_0 Green_LED
Added Room: Name=Transmitter
