Removed Pin From Net: NetName=NetL1_11 Pin=P1-2
Removed Pin From Net: NetName=NetD1_2 Pin=P1-3
Removed Pin From Net: NetName=NetL1_11 Pin=P1-6
Removed Pin From Net: NetName=NetL1_11 Pin=P1-10
Change Component Comment : Designator=M1 Old Comment=2N2222AG New Comment=P2N2222AG
Change Component Comment : Designator=L1 Old Comment=Header 10X2 New Comment=Logic_Shift
Change Component Designator: OldDesignator=L1 NewDesignator=J3
Change Component Designator: OldDesignator=LO1 NewDesignator=J2
Change Component Designator: OldDesignator=MD1 NewDesignator=U1
Change Component Designator: OldDesignator=P1 NewDesignator=J4
Change Component Designator: OldDesignator=U1 NewDesignator=O1
Change component parameters: Designator = "R2" ("R2"); Footprint = "AXIAL-0.3"; UniqueID = "\GUIFPGJU" ("\GUIFPGJU")
Change component parameters (AddParameter): Name = "LatestRevisionDate"; Value = "17-Jul-2002"; VariantName = "[No Variations]"
Change component parameters (AddParameter): Name = "LatestRevisionNote"; Value = "Re-released for DXP Platform."; VariantName = "[No Variations]"
Change component parameters (AddParameter): Name = "PackageDescription"; Value = "Axial Device, Thru-Hole; 2 Leads; 0.3 in Pin Spacing"; VariantName = "[No Variations]"
Change component parameters (AddParameter): Name = "PackageReference"; Value = "AXIAL-0.3"; VariantName = "[No Variations]"
Change component parameters (AddParameter): Name = "Published"; Value = "8-Jun-2000"; VariantName = "[No Variations]"
Change component parameters (AddParameter): Name = "Publisher"; Value = "Altium Limited"; VariantName = "[No Variations]"
Change component parameters (AddParameter): Name = "Value"; Value = "1K"; VariantName = "[No Variations]"
Change component parameters: Designator = "R3" ("R3"); Footprint = "AXIAL-0.3"; UniqueID = "\OEIQHGTC" ("\OEIQHGTC")
Change component parameters (AddParameter): Name = "LatestRevisionDate"; Value = "17-Jul-2002"; VariantName = "[No Variations]"
Change component parameters (AddParameter): Name = "LatestRevisionNote"; Value = "Re-released for DXP Platform."; VariantName = "[No Variations]"
Change component parameters (AddParameter): Name = "PackageDescription"; Value = "Axial Device, Thru-Hole; 2 Leads; 0.3 in Pin Spacing"; VariantName = "[No Variations]"
Change component parameters (AddParameter): Name = "PackageReference"; Value = "AXIAL-0.3"; VariantName = "[No Variations]"
Change component parameters (AddParameter): Name = "Published"; Value = "8-Jun-2000"; VariantName = "[No Variations]"
Change component parameters (AddParameter): Name = "Publisher"; Value = "Altium Limited"; VariantName = "[No Variations]"
Change component parameters (AddParameter): Name = "Value"; Value = "1K"; VariantName = "[No Variations]"
Change component parameters: Designator = "R5" ("R5"); Footprint = "AXIAL-0.3"; UniqueID = "\ZMCMQUVQ" ("\ZMCMQUVQ")
Change component parameters (AddParameter): Name = "LatestRevisionDate"; Value = "17-Jul-2002"; VariantName = "[No Variations]"
Change component parameters (AddParameter): Name = "LatestRevisionNote"; Value = "Re-released for DXP Platform."; VariantName = "[No Variations]"
Change component parameters (AddParameter): Name = "PackageDescription"; Value = "Axial Device, Thru-Hole; 2 Leads; 0.3 in Pin Spacing"; VariantName = "[No Variations]"
Change component parameters (AddParameter): Name = "PackageReference"; Value = "AXIAL-0.3"; VariantName = "[No Variations]"
Change component parameters (AddParameter): Name = "Published"; Value = "8-Jun-2000"; VariantName = "[No Variations]"
Change component parameters (AddParameter): Name = "Publisher"; Value = "Altium Limited"; VariantName = "[No Variations]"
Change component parameters (AddParameter): Name = "Value"; Value = "1K"; VariantName = "[No Variations]"
Change component parameters: Designator = "R6" ("R6"); Footprint = "AXIAL-0.3"; UniqueID = "\TIFBEXVN" ("\TIFBEXVN")
Change component parameters (AddParameter): Name = "LatestRevisionDate"; Value = "17-Jul-2002"; VariantName = "[No Variations]"
Change component parameters (AddParameter): Name = "LatestRevisionNote"; Value = "Re-released for DXP Platform."; VariantName = "[No Variations]"
Change component parameters (AddParameter): Name = "PackageDescription"; Value = "Axial Device, Thru-Hole; 2 Leads; 0.3 in Pin Spacing"; VariantName = "[No Variations]"
Change component parameters (AddParameter): Name = "PackageReference"; Value = "AXIAL-0.3"; VariantName = "[No Variations]"
Change component parameters (AddParameter): Name = "Published"; Value = "8-Jun-2000"; VariantName = "[No Variations]"
Change component parameters (AddParameter): Name = "Publisher"; Value = "Altium Limited"; VariantName = "[No Variations]"
Change component parameters (AddParameter): Name = "Value"; Value = "1K"; VariantName = "[No Variations]"
Change component parameters: Designator = "R_OE1" ("R_OE1"); Footprint = "AXIAL-0.3"; UniqueID = "\IMHOPKXA" ("\IMHOPKXA")
Change component parameters (AddParameter): Name = "LatestRevisionDate"; Value = "17-Jul-2002"; VariantName = "[No Variations]"
Change component parameters (AddParameter): Name = "LatestRevisionNote"; Value = "Re-released for DXP Platform."; VariantName = "[No Variations]"
Change component parameters (AddParameter): Name = "PackageDescription"; Value = "Axial Device, Thru-Hole; 2 Leads; 0.3 in Pin Spacing"; VariantName = "[No Variations]"
Change component parameters (AddParameter): Name = "PackageReference"; Value = "AXIAL-0.3"; VariantName = "[No Variations]"
Change component parameters (AddParameter): Name = "Published"; Value = "8-Jun-2000"; VariantName = "[No Variations]"
Change component parameters (AddParameter): Name = "Publisher"; Value = "Altium Limited"; VariantName = "[No Variations]"
Change component parameters (AddParameter): Name = "Value"; Value = "1K"; VariantName = "[No Variations]"
Added Pin To Net: NetName=NetL1_11 Pin=J4-3
Added Pin To Net: NetName=NetD1_2 Pin=J4-5
Added Pin To Net: NetName=NetL1_11 Pin=J4-7
Added Pin To Net: NetName=NetL1_11 Pin=J4-11
Change Net Name : Old Net Name=NetL1_1 New Net Name=NetJ2_5
Change Net Name : Old Net Name=NetL1_3 New Net Name=NetJ2_7
Change Net Name : Old Net Name=NetL1_4 New Net Name=NetJ2_6
Change Net Name : Old Net Name=NetL1_5 New Net Name=NetJ2_4
Change Net Name : Old Net Name=NetL1_6 New Net Name=NetJ2_2
Change Net Name : Old Net Name=NetL1_7 New Net Name=NetJ2_10
Change Net Name : Old Net Name=NetL1_8 New Net Name=NetJ2_11
Change Net Name : Old Net Name=NetL1_9 New Net Name=NetJ2_3
Change Net Name : Old Net Name=NetL1_10 New Net Name=NetJ3_10
Change Net Name : Old Net Name=NetL1_11 New Net Name=GND
Change Net Name : Old Net Name=NetL1_12 New Net Name=NetJ3_12
Change Net Name : Old Net Name=NetL1_13 New Net Name=NetJ3_13
Change Net Name : Old Net Name=NetL1_14 New Net Name=NetJ3_14
Change Net Name : Old Net Name=NetL1_15 New Net Name=NetJ3_15
Change Net Name : Old Net Name=NetL1_16 New Net Name=NetJ3_16
Change Net Name : Old Net Name=NetL1_17 New Net Name=NetJ3_17
Change Net Name : Old Net Name=NetL1_18 New Net Name=NetJ3_18
Change Net Name : Old Net Name=NetL1_19 New Net Name=NetJ3_19
Change Net Name : Old Net Name=NetL1_20 New Net Name=NetJ3_20
Change Net Name : Old Net Name=NetMD1_4 New Net Name=NetO1_2
Change Net Name : Old Net Name=NetMD1_5 New Net Name=NetR5_2
Change Net Name : Old Net Name=NetMD1_6 New Net Name=NetR6_2
Change Net Name : Old Net Name=NetMD1_8 New Net Name=NetR1_2
Change Net Name : Old Net Name=NetR1_1 New Net Name=NetO1_1
Change Net Name : Old Net Name=NetR2_1 New Net Name=NetO1_3
Added Pin To Net: NetName=NetJ2_8 Pin=J2-8
Added Pin To Net: NetName=NetJ2_8 Pin=J4-6
Added Net: Name=NetJ2_8
Added Pin To Net: NetName=NetJ3_2 Pin=J3-2
Added Pin To Net: NetName=NetJ3_2 Pin=J4-2
Added Pin To Net: NetName=NetJ3_2 Pin=R_OE1-2
Added Net: Name=NetJ3_2
Added Room: Name=Receiver
