Removed Pin From Net: NetName=GND Pin=J1-11
Removed Pin From Net: NetName=NetJ1_19 Pin=J2-1
Removed Pin From Net: NetName=GND Pin=J2-2
Removed Pin From Net: NetName=GND Pin=J2-6
Removed Pin From Net: NetName=NetJ1_2 Pin=J2-7
Removed Pin From Net: NetName=GND Pin=J2-10
Removed Pin From Net: NetName=NetJ1_6 Pin=J3-2
Removed Pin From Net: NetName=NetJ1_9 Pin=J3-3
Removed Pin From Net: NetName=NetJ1_5 Pin=J3-4
Removed Pin From Net: NetName=NetJ1_4 Pin=J3-6
Removed Pin From Net: NetName=NetJ1_3 Pin=J3-7
Removed Pin From Net: NetName=NetJ1_7 Pin=J3-10
Removed Pin From Net: NetName=NetJ1_8 Pin=J3-11
Removed Pin From Net: NetName=NetJ1_10 Pin=R3-1
Removed Pin From Net: NetName=NetJ1_2 Pin=R3-2
Removed Pin From Net: NetName=NetJ1_12 Pin=U1-9
Removed Pin From Net: NetName=NetJ1_13 Pin=U1-10
Removed Pin From Net: NetName=NetJ1_14 Pin=U1-11
Removed Pin From Net: NetName=NetJ1_15 Pin=U1-12
Removed Pin From Net: NetName=NetJ1_16 Pin=U1-13
Removed Pin From Net: NetName=NetJ1_17 Pin=U1-14
Removed Pin From Net: NetName=NetJ1_18 Pin=U1-15
Removed Pin From Net: NetName=NetJ1_20 Pin=U1-16
Change Footprint: Cannot match pads with new footprint in component :J2 Footprint:3.3V/5V Battery Shield - duplicate
Change Footprint: Cannot match pads with new footprint in component :J1 Footprint:LORA Sx1278
Change Component Footprint: Designator=J3 Old Footprint=LORA Sx1278 New Footprint=HDR1X12
Change Component Comment : Designator=J1 Old Comment=Header 10X2 New Comment=Logic_Shifter
Change component parameters: Designator = "R1" ("R1"); Footprint = "AXIAL-0.3"; UniqueID = "\FIZCWQAE" ("\FIZCWQAE")
Change component parameters (AddParameter): Name = "LatestRevisionDate"; Value = "17-Jul-2002"; VariantName = "[No Variations]"
Change component parameters (AddParameter): Name = "LatestRevisionNote"; Value = "Re-released for DXP Platform."; VariantName = "[No Variations]"
Change component parameters (AddParameter): Name = "PackageDescription"; Value = "Axial Device, Thru-Hole; 2 Leads; 0.3 in Pin Spacing"; VariantName = "[No Variations]"
Change component parameters (AddParameter): Name = "PackageReference"; Value = "AXIAL-0.3"; VariantName = "[No Variations]"
Change component parameters (AddParameter): Name = "Published"; Value = "8-Jun-2000"; VariantName = "[No Variations]"
Change component parameters (AddParameter): Name = "Publisher"; Value = "Altium Limited"; VariantName = "[No Variations]"
Change component parameters (AddParameter): Name = "Value"; Value = "1K"; VariantName = "[No Variations]"
Change component parameters: Designator = "R2" ("R2"); Footprint = "AXIAL-0.3"; UniqueID = "\CLQQXXEI" ("\CLQQXXEI")
Change component parameters (AddParameter): Name = "LatestRevisionDate"; Value = "17-Jul-2002"; VariantName = "[No Variations]"
Change component parameters (AddParameter): Name = "LatestRevisionNote"; Value = "Re-released for DXP Platform."; VariantName = "[No Variations]"
Change component parameters (AddParameter): Name = "PackageDescription"; Value = "Axial Device, Thru-Hole; 2 Leads; 0.3 in Pin Spacing"; VariantName = "[No Variations]"
Change component parameters (AddParameter): Name = "PackageReference"; Value = "AXIAL-0.3"; VariantName = "[No Variations]"
Change component parameters (AddParameter): Name = "Published"; Value = "8-Jun-2000"; VariantName = "[No Variations]"
Change component parameters (AddParameter): Name = "Publisher"; Value = "Altium Limited"; VariantName = "[No Variations]"
Change component parameters (AddParameter): Name = "Value"; Value = "1K"; VariantName = "[No Variations]"
Change component parameters: Designator = "R3" ("R3"); Footprint = "AXIAL-0.3"; UniqueID = "\RQKYWIKG" ("\RQKYWIKG")
Change component parameters (AddParameter): Name = "LatestRevisionDate"; Value = "17-Jul-2002"; VariantName = "[No Variations]"
Change component parameters (AddParameter): Name = "LatestRevisionNote"; Value = "Re-released for DXP Platform."; VariantName = "[No Variations]"
Change component parameters (AddParameter): Name = "PackageDescription"; Value = "Axial Device, Thru-Hole; 2 Leads; 0.3 in Pin Spacing"; VariantName = "[No Variations]"
Change component parameters (AddParameter): Name = "PackageReference"; Value = "AXIAL-0.3"; VariantName = "[No Variations]"
Change component parameters (AddParameter): Name = "Published"; Value = "8-Jun-2000"; VariantName = "[No Variations]"
Change component parameters (AddParameter): Name = "Publisher"; Value = "Altium Limited"; VariantName = "[No Variations]"
Change component parameters (AddParameter): Name = "Value"; Value = "1K"; VariantName = "[No Variations]"
Added Pin To Net: NetName=GND Pin=J1-1
Added Pin To Net: NetName=NetJ1_17 Pin=J2-1
Added Pin To Net: NetName=NetJ1_18 Pin=J2-2
Added Pin To Net: NetName=GND Pin=J2-3
Added Pin To Net: NetName=GND Pin=J2-7
Added Pin To Net: NetName=GND Pin=J2-11
Added Pin To Net: NetName=NetJ1_10 Pin=J3-2
Added Pin To Net: NetName=NetJ1_4 Pin=J3-3
Added Pin To Net: NetName=NetJ1_12 Pin=J3-4
Added Pin To Net: NetName=NetJ1_20 Pin=J3-5
Added Pin To Net: NetName=NetJ1_14 Pin=J3-6
Added Pin To Net: NetName=NetJ1_16 Pin=J3-7
Added Pin To Net: NetName=NetJ1_8 Pin=J3-10
Added Pin To Net: NetName=NetJ1_6 Pin=J3-11
Added Pin To Net: NetName=NetJ1_2 Pin=R3-1
Added Pin To Net: NetName=NetJ1_18 Pin=R3-2
Added Pin To Net: NetName=NetJ1_3 Pin=U1-9
Added Pin To Net: NetName=NetJ1_5 Pin=U1-10
Added Pin To Net: NetName=NetJ1_7 Pin=U1-11
Added Pin To Net: NetName=NetJ1_9 Pin=U1-12
Added Pin To Net: NetName=NetJ1_13 Pin=U1-14
Added Pin To Net: NetName=NetJ1_15 Pin=U1-15
Added Pin To Net: NetName=NetJ1_19 Pin=U1-16
Added Pin To Net: NetName=NetJ1_11 Pin=J1-11
Added Pin To Net: NetName=NetJ1_11 Pin=U1-13
Added Net: Name=NetJ1_11
Added Pin To Net: NetName=NetJ2_5 Pin=J2-5
Added Pin To Net: NetName=NetJ2_5 Pin=U1-27
Added Net: Name=NetJ2_5
Added Pin To Net: NetName=NetJ2_6 Pin=J2-6
Added Pin To Net: NetName=NetJ2_6 Pin=J3-8
Added Net: Name=NetJ2_6
Added Room: Name=Transmitter
